<?xml version="1.0" encoding="UTF-8"?>
<!-- Generated by org.testng.reporters.JUnitReportReporter -->
<testsuite skipped="0" hostname="DESKTOP-F5U5V1J" name="com.Neostox.TestCases.DashboardPageTest" tests="1" failures="0" timestamp="04 Sep 2022 13:07:53 GMT" time="0.009" errors="0">
  <testcase name="test1" time="0.009" classname="com.Neostox.TestCases.DashboardPageTest"/>
</testsuite> <!-- com.Neostox.TestCases.DashboardPageTest -->
